<?xml version="1.0" encoding="UTF-8"?>
<testsuite xmlns:xsi="http://www.w3.org/2001/XMLSchema-instance" xsi:noNamespaceSchemaLocation="https://maven.apache.org/surefire/maven-surefire-plugin/xsd/surefire-test-report.xsd" version="3.0.2" name="org.codehaus.plexus.components.secdispatcher.internal.cipher.AESGCMNoPaddingTest" time="1.185" tests="3" errors="0" skipped="0" failures="0">
  <properties>
[...]
</properties>
  <testcase name="testEncrypt" classname="org.codehaus.plexus.components.secdispatcher.internal.cipher.AESGCMNoPaddingTest" time="0.395"/>
  <testcase name="testEncoding" classname="org.codehaus.plexus.components.secdispatcher.internal.cipher.AESGCMNoPaddingTest" time="0.397"/>
  <testcase name="testDecrypt" classname="org.codehaus.plexus.components.secdispatcher.internal.cipher.AESGCMNoPaddingTest" time="0.392"/>
</testsuite>